0 info it worked if it ends with ok
1 verbose cli [ 'node',
1 verbose cli   '/usr/local/bin/npm',
1 verbose cli   'install',
1 verbose cli   '-g',
1 verbose cli   'bower',
1 verbose cli   'npm',
1 verbose cli   'install',
1 verbose cli   '-g',
1 verbose cli   'bower' ]
2 info using npm@1.4.28
3 info using node@v0.10.36
4 verbose cache add [ 'bower', null ]
5 verbose cache add name=undefined spec="bower" args=["bower",null]
6 verbose parsed url { protocol: null,
6 verbose parsed url   slashes: null,
6 verbose parsed url   auth: null,
6 verbose parsed url   host: null,
6 verbose parsed url   port: null,
6 verbose parsed url   hostname: null,
6 verbose parsed url   hash: null,
6 verbose parsed url   search: null,
6 verbose parsed url   query: null,
6 verbose parsed url   pathname: 'bower',
6 verbose parsed url   path: 'bower',
6 verbose parsed url   href: 'bower' }
7 verbose cache add [ 'npm', null ]
8 verbose cache add name=undefined spec="npm" args=["npm",null]
9 verbose parsed url { protocol: null,
9 verbose parsed url   slashes: null,
9 verbose parsed url   auth: null,
9 verbose parsed url   host: null,
9 verbose parsed url   port: null,
9 verbose parsed url   hostname: null,
9 verbose parsed url   hash: null,
9 verbose parsed url   search: null,
9 verbose parsed url   query: null,
9 verbose parsed url   pathname: 'npm',
9 verbose parsed url   path: 'npm',
9 verbose parsed url   href: 'npm' }
10 verbose cache add [ 'install', null ]
11 verbose cache add name=undefined spec="install" args=["install",null]
12 verbose parsed url { protocol: null,
12 verbose parsed url   slashes: null,
12 verbose parsed url   auth: null,
12 verbose parsed url   host: null,
12 verbose parsed url   port: null,
12 verbose parsed url   hostname: null,
12 verbose parsed url   hash: null,
12 verbose parsed url   search: null,
12 verbose parsed url   query: null,
12 verbose parsed url   pathname: 'install',
12 verbose parsed url   path: 'install',
12 verbose parsed url   href: 'install' }
13 verbose cache add [ 'bower', null ]
14 verbose cache add name=undefined spec="bower" args=["bower",null]
15 verbose parsed url { protocol: null,
15 verbose parsed url   slashes: null,
15 verbose parsed url   auth: null,
15 verbose parsed url   host: null,
15 verbose parsed url   port: null,
15 verbose parsed url   hostname: null,
15 verbose parsed url   hash: null,
15 verbose parsed url   search: null,
15 verbose parsed url   query: null,
15 verbose parsed url   pathname: 'bower',
15 verbose parsed url   path: 'bower',
15 verbose parsed url   href: 'bower' }
16 silly lockFile 206e3ce5-bower bower
17 verbose lock bower /Users/Panchordenes/.npm/206e3ce5-bower.lock
18 silly lockFile 660051d1-npm npm
19 verbose lock npm /Users/Panchordenes/.npm/660051d1-npm.lock
20 silly lockFile 89fb511f-install install
21 verbose lock install /Users/Panchordenes/.npm/89fb511f-install.lock
22 silly lockFile 206e3ce5-bower bower
23 verbose lock bower /Users/Panchordenes/.npm/206e3ce5-bower.lock
24 silly lockFile 206e3ce5-bower bower
25 silly lockFile 206e3ce5-bower bower
26 verbose addNamed [ 'bower', '' ]
27 verbose addNamed [ null, '*' ]
28 silly lockFile 1240aab1-bower bower@
29 verbose lock bower@ /Users/Panchordenes/.npm/1240aab1-bower.lock
30 silly lockFile 89fb511f-install install
31 silly lockFile 89fb511f-install install
32 silly lockFile 660051d1-npm npm
33 silly lockFile 660051d1-npm npm
34 verbose addNamed [ 'install', '' ]
35 verbose addNamed [ null, '*' ]
36 silly lockFile cadb329f-install install@
37 verbose lock install@ /Users/Panchordenes/.npm/cadb329f-install.lock
38 silly addNameRange { name: 'bower', range: '*', hasData: false }
39 verbose addNamed [ 'npm', '' ]
40 verbose addNamed [ null, '*' ]
41 silly lockFile 2f990b75-npm npm@
42 verbose lock npm@ /Users/Panchordenes/.npm/2f990b75-npm.lock
43 verbose registry.get https://registry.npmjs.org/bower not expired, no request
44 silly addNameRange number 2 { name: 'bower', range: '*', hasData: true }
45 silly addNameRange versions [ 'bower',
45 silly addNameRange   [ '0.1.0',
45 silly addNameRange     '0.1.2',
45 silly addNameRange     '0.1.3',
45 silly addNameRange     '0.2.0',
45 silly addNameRange     '0.3.0',
45 silly addNameRange     '0.3.1',
45 silly addNameRange     '0.3.2',
45 silly addNameRange     '0.4.0',
45 silly addNameRange     '0.5.0',
45 silly addNameRange     '0.5.1',
45 silly addNameRange     '0.6.0',
45 silly addNameRange     '0.6.1',
45 silly addNameRange     '0.6.2',
45 silly addNameRange     '0.6.3',
45 silly addNameRange     '0.6.4',
45 silly addNameRange     '0.6.5',
45 silly addNameRange     '0.6.6',
45 silly addNameRange     '0.6.7',
45 silly addNameRange     '0.6.8',
45 silly addNameRange     '0.7.0',
45 silly addNameRange     '0.7.1',
45 silly addNameRange     '0.8.0',
45 silly addNameRange     '0.8.1',
45 silly addNameRange     '0.8.2',
45 silly addNameRange     '0.8.3',
45 silly addNameRange     '0.8.4',
45 silly addNameRange     '0.8.5',
45 silly addNameRange     '0.8.6',
45 silly addNameRange     '0.9.0',
45 silly addNameRange     '0.9.1',
45 silly addNameRange     '0.9.2',
45 silly addNameRange     '0.10.0',
45 silly addNameRange     '1.0.0',
45 silly addNameRange     '1.0.1',
45 silly addNameRange     '1.0.2',
45 silly addNameRange     '1.0.3',
45 silly addNameRange     '1.1.0',
45 silly addNameRange     '1.1.1',
45 silly addNameRange     '1.1.2',
45 silly addNameRange     '1.2.0',
45 silly addNameRange     '1.2.1',
45 silly addNameRange     '1.2.2',
45 silly addNameRange     '1.2.3',
45 silly addNameRange     '1.2.4',
45 silly addNameRange     '1.2.5',
45 silly addNameRange     '1.2.6',
45 silly addNameRange     '1.2.7',
45 silly addNameRange     '1.2.8',
45 silly addNameRange     '1.3.0',
45 silly addNameRange     '1.3.1',
45 silly addNameRange     '1.3.2',
45 silly addNameRange     '1.3.3',
45 silly addNameRange     '1.3.4',
45 silly addNameRange     '1.3.5',
45 silly addNameRange     '1.3.6',
45 silly addNameRange     '1.3.7',
45 silly addNameRange     '1.3.8',
45 silly addNameRange     '1.3.9',
45 silly addNameRange     '1.3.10',
45 silly addNameRange     '1.3.11',
45 silly addNameRange     '1.3.12',
45 silly addNameRange     '1.4.0',
45 silly addNameRange     '1.4.1',
45 silly addNameRange     '1.5.0',
45 silly addNameRange     '1.5.1',
45 silly addNameRange     '1.5.2',
45 silly addNameRange     '1.5.3',
45 silly addNameRange     '1.6.2',
45 silly addNameRange     '1.6.3',
45 silly addNameRange     '1.6.4',
45 silly addNameRange     '1.6.5',
45 silly addNameRange     '1.5.4',
45 silly addNameRange     '1.4.2',
45 silly addNameRange     '1.6.6' ] ]
46 verbose addNamed [ 'bower', '1.6.6' ]
47 verbose addNamed [ '1.6.6', '1.6.6' ]
48 silly lockFile 5df96daf-bower-1-6-6 bower@1.6.6
49 verbose lock bower@1.6.6 /Users/Panchordenes/.npm/5df96daf-bower-1-6-6.lock
50 silly addNameRange { name: 'install', range: '*', hasData: false }
51 silly addNameRange { name: 'npm', range: '*', hasData: false }
52 silly lockFile 5df96daf-bower-1-6-6 bower@1.6.6
53 silly lockFile 5df96daf-bower-1-6-6 bower@1.6.6
54 verbose request where is /install
55 verbose request registry https://registry.npmjs.org/
56 verbose request id 06df3d6c4bafd196
57 verbose url raw /install
58 verbose url resolving [ 'https://registry.npmjs.org/', './install' ]
59 verbose url resolved https://registry.npmjs.org/install
60 verbose request where is https://registry.npmjs.org/install
61 info trying registry request attempt 1 at 17:06:18
62 http GET https://registry.npmjs.org/install
63 silly lockFile 1240aab1-bower bower@
64 silly lockFile 1240aab1-bower bower@
65 silly lockFile 206e3ce5-bower bower
66 silly lockFile 206e3ce5-bower bower
67 verbose addNamed [ 'bower', '' ]
68 verbose addNamed [ null, '*' ]
69 silly lockFile 1240aab1-bower bower@
70 verbose lock bower@ /Users/Panchordenes/.npm/1240aab1-bower.lock
71 silly addNameRange { name: 'bower', range: '*', hasData: false }
72 verbose registry.get https://registry.npmjs.org/bower not expired, no request
73 silly addNameRange number 2 { name: 'bower', range: '*', hasData: true }
74 silly addNameRange versions [ 'bower',
74 silly addNameRange   [ '0.1.0',
74 silly addNameRange     '0.1.2',
74 silly addNameRange     '0.1.3',
74 silly addNameRange     '0.2.0',
74 silly addNameRange     '0.3.0',
74 silly addNameRange     '0.3.1',
74 silly addNameRange     '0.3.2',
74 silly addNameRange     '0.4.0',
74 silly addNameRange     '0.5.0',
74 silly addNameRange     '0.5.1',
74 silly addNameRange     '0.6.0',
74 silly addNameRange     '0.6.1',
74 silly addNameRange     '0.6.2',
74 silly addNameRange     '0.6.3',
74 silly addNameRange     '0.6.4',
74 silly addNameRange     '0.6.5',
74 silly addNameRange     '0.6.6',
74 silly addNameRange     '0.6.7',
74 silly addNameRange     '0.6.8',
74 silly addNameRange     '0.7.0',
74 silly addNameRange     '0.7.1',
74 silly addNameRange     '0.8.0',
74 silly addNameRange     '0.8.1',
74 silly addNameRange     '0.8.2',
74 silly addNameRange     '0.8.3',
74 silly addNameRange     '0.8.4',
74 silly addNameRange     '0.8.5',
74 silly addNameRange     '0.8.6',
74 silly addNameRange     '0.9.0',
74 silly addNameRange     '0.9.1',
74 silly addNameRange     '0.9.2',
74 silly addNameRange     '0.10.0',
74 silly addNameRange     '1.0.0',
74 silly addNameRange     '1.0.1',
74 silly addNameRange     '1.0.2',
74 silly addNameRange     '1.0.3',
74 silly addNameRange     '1.1.0',
74 silly addNameRange     '1.1.1',
74 silly addNameRange     '1.1.2',
74 silly addNameRange     '1.2.0',
74 silly addNameRange     '1.2.1',
74 silly addNameRange     '1.2.2',
74 silly addNameRange     '1.2.3',
74 silly addNameRange     '1.2.4',
74 silly addNameRange     '1.2.5',
74 silly addNameRange     '1.2.6',
74 silly addNameRange     '1.2.7',
74 silly addNameRange     '1.2.8',
74 silly addNameRange     '1.3.0',
74 silly addNameRange     '1.3.1',
74 silly addNameRange     '1.3.2',
74 silly addNameRange     '1.3.3',
74 silly addNameRange     '1.3.4',
74 silly addNameRange     '1.3.5',
74 silly addNameRange     '1.3.6',
74 silly addNameRange     '1.3.7',
74 silly addNameRange     '1.3.8',
74 silly addNameRange     '1.3.9',
74 silly addNameRange     '1.3.10',
74 silly addNameRange     '1.3.11',
74 silly addNameRange     '1.3.12',
74 silly addNameRange     '1.4.0',
74 silly addNameRange     '1.4.1',
74 silly addNameRange     '1.5.0',
74 silly addNameRange     '1.5.1',
74 silly addNameRange     '1.5.2',
74 silly addNameRange     '1.5.3',
74 silly addNameRange     '1.6.2',
74 silly addNameRange     '1.6.3',
74 silly addNameRange     '1.6.4',
74 silly addNameRange     '1.6.5',
74 silly addNameRange     '1.5.4',
74 silly addNameRange     '1.4.2',
74 silly addNameRange     '1.6.6' ] ]
75 verbose addNamed [ 'bower', '1.6.6' ]
76 verbose addNamed [ '1.6.6', '1.6.6' ]
77 silly lockFile 5df96daf-bower-1-6-6 bower@1.6.6
78 verbose lock bower@1.6.6 /Users/Panchordenes/.npm/5df96daf-bower-1-6-6.lock
79 silly lockFile 5df96daf-bower-1-6-6 bower@1.6.6
80 silly lockFile 5df96daf-bower-1-6-6 bower@1.6.6
81 silly lockFile 1240aab1-bower bower@
82 silly lockFile 1240aab1-bower bower@
83 verbose request where is /npm
84 verbose request registry https://registry.npmjs.org/
85 verbose url raw /npm
86 verbose url resolving [ 'https://registry.npmjs.org/', './npm' ]
87 verbose url resolved https://registry.npmjs.org/npm
88 verbose request where is https://registry.npmjs.org/npm
89 info trying registry request attempt 1 at 17:06:18
90 verbose etag "214ZNKL24LI7QPJMMP08XF7T1"
91 http GET https://registry.npmjs.org/npm
92 http 200 https://registry.npmjs.org/install
93 silly registry.get cb [ 200,
93 silly registry.get   { server: 'CouchDB/1.5.0 (Erlang OTP/R16B03)',
93 silly registry.get     etag: '"5WU61S1LDJAJWR2DQVXJSEUIT"',
93 silly registry.get     'content-type': 'application/json',
93 silly registry.get     'cache-control': 'max-age=60',
93 silly registry.get     'content-length': '18808',
93 silly registry.get     'accept-ranges': 'bytes',
93 silly registry.get     date: 'Wed, 25 Nov 2015 20:07:15 GMT',
93 silly registry.get     via: '1.1 varnish',
93 silly registry.get     age: '54',
93 silly registry.get     connection: 'keep-alive',
93 silly registry.get     'x-served-by': 'cache-iad2129-IAD',
93 silly registry.get     'x-cache': 'HIT',
93 silly registry.get     'x-cache-hits': '1',
93 silly registry.get     'x-timer': 'S1448482035.819426,VS0,VE0',
93 silly registry.get     vary: 'Accept' } ]
94 silly addNameRange number 2 { name: 'install', range: '*', hasData: true }
95 silly addNameRange versions [ 'install',
95 silly addNameRange   [ '0.1.1',
95 silly addNameRange     '0.1.2',
95 silly addNameRange     '0.1.3',
95 silly addNameRange     '0.1.4',
95 silly addNameRange     '0.1.5',
95 silly addNameRange     '0.1.6',
95 silly addNameRange     '0.1.7',
95 silly addNameRange     '0.1.8',
95 silly addNameRange     '0.2.1',
95 silly addNameRange     '0.2.2',
95 silly addNameRange     '0.2.3',
95 silly addNameRange     '0.2.4',
95 silly addNameRange     '0.2.5',
95 silly addNameRange     '0.2.6',
95 silly addNameRange     '0.3.0' ] ]
96 verbose addNamed [ 'install', '0.3.0' ]
97 verbose addNamed [ '0.3.0', '0.3.0' ]
98 silly lockFile b074e566-install-0-3-0 install@0.3.0
99 verbose lock install@0.3.0 /Users/Panchordenes/.npm/b074e566-install-0-3-0.lock
100 silly lockFile f218075c-js-org-install-install-0-3-0-tgz https://registry.npmjs.org/install/-/install-0.3.0.tgz
101 verbose lock https://registry.npmjs.org/install/-/install-0.3.0.tgz /Users/Panchordenes/.npm/f218075c-js-org-install-install-0-3-0-tgz.lock
102 verbose addRemoteTarball [ 'https://registry.npmjs.org/install/-/install-0.3.0.tgz',
102 verbose addRemoteTarball   'aba652b4239c991780b499b95db459f6cfab009c' ]
103 info retry fetch attempt 1 at 17:06:19
104 verbose fetch to= /var/folders/9b/w9d4gjzx1qj35_9y7mhsr3280000gn/T/npm-17881-8CbbeoFG/registry.npmjs.org/install/-/install-0.3.0.tgz
105 http GET https://registry.npmjs.org/install/-/install-0.3.0.tgz
106 http 200 https://registry.npmjs.org/install/-/install-0.3.0.tgz
107 silly lockFile f218075c-js-org-install-install-0-3-0-tgz https://registry.npmjs.org/install/-/install-0.3.0.tgz
108 silly lockFile f218075c-js-org-install-install-0-3-0-tgz https://registry.npmjs.org/install/-/install-0.3.0.tgz
109 silly lockFile b074e566-install-0-3-0 install@0.3.0
110 silly lockFile b074e566-install-0-3-0 install@0.3.0
111 silly lockFile cadb329f-install install@
112 silly lockFile cadb329f-install install@
113 http 200 https://registry.npmjs.org/npm
114 silly registry.get cb [ 200,
114 silly registry.get   { server: 'CouchDB/1.5.0 (Erlang OTP/R16B03)',
114 silly registry.get     etag: '"EC1WSEGDF74TRF771S5EGJ31P"',
114 silly registry.get     'content-type': 'application/json',
114 silly registry.get     'cache-control': 'max-age=60',
114 silly registry.get     'content-length': '3803697',
114 silly registry.get     'accept-ranges': 'bytes',
114 silly registry.get     date: 'Wed, 25 Nov 2015 20:07:15 GMT',
114 silly registry.get     via: '1.1 varnish',
114 silly registry.get     age: '0',
114 silly registry.get     connection: 'keep-alive',
114 silly registry.get     'x-served-by': 'cache-iad2123-IAD',
114 silly registry.get     'x-cache': 'HIT',
114 silly registry.get     'x-cache-hits': '1',
114 silly registry.get     'x-timer': 'S1448482035.406645,VS0,VE78',
114 silly registry.get     vary: 'Accept' } ]
115 silly addNameRange number 2 { name: 'npm', range: '*', hasData: true }
116 silly addNameRange versions [ 'npm',
116 silly addNameRange   [ '1.1.25',
116 silly addNameRange     '1.2.32',
116 silly addNameRange     '1.3.2',
116 silly addNameRange     '1.3.4',
116 silly addNameRange     '1.2.20',
116 silly addNameRange     '1.2.21',
116 silly addNameRange     '1.2.22',
116 silly addNameRange     '1.2.23',
116 silly addNameRange     '1.2.24',
116 silly addNameRange     '1.2.25',
116 silly addNameRange     '1.2.27',
116 silly addNameRange     '1.2.28',
116 silly addNameRange     '1.2.30',
116 silly addNameRange     '1.2.31',
116 silly addNameRange     '1.3.0',
116 silly addNameRange     '1.3.1',
116 silly addNameRange     '1.2.19',
116 silly addNameRange     '1.1.70',
116 silly addNameRange     '1.1.71',
116 silly addNameRange     '1.3.5',
116 silly addNameRange     '1.3.6',
116 silly addNameRange     '1.3.7',
116 silly addNameRange     '1.3.8',
116 silly addNameRange     '1.3.9',
116 silly addNameRange     '1.3.10',
116 silly addNameRange     '1.3.11',
116 silly addNameRange     '1.3.12',
116 silly addNameRange     '1.3.13',
116 silly addNameRange     '1.3.14',
116 silly addNameRange     '1.3.15',
116 silly addNameRange     '1.3.16',
116 silly addNameRange     '1.3.17',
116 silly addNameRange     '1.3.18',
116 silly addNameRange     '1.3.20',
116 silly addNameRange     '1.3.21',
116 silly addNameRange     '1.3.22',
116 silly addNameRange     '1.3.23',
116 silly addNameRange     '1.3.24',
116 silly addNameRange     '1.3.25',
116 silly addNameRange     '1.3.26',
116 silly addNameRange     '1.4.0',
116 silly addNameRange     '1.4.1',
116 silly addNameRange     '1.4.2',
116 silly addNameRange     '1.4.3',
116 silly addNameRange     '1.4.4',
116 silly addNameRange     '1.4.5',
116 silly addNameRange     '1.4.6',
116 silly addNameRange     '1.4.7',
116 silly addNameRange     '1.4.8',
116 silly addNameRange     '1.4.9',
116 silly addNameRange     '1.4.10',
116 silly addNameRange     '1.4.11',
116 silly addNameRange     '1.4.12',
116 silly addNameRange     '1.4.13',
116 silly addNameRange     '1.4.14',
116 silly addNameRange     '1.4.15',
116 silly addNameRange     '1.4.16',
116 silly addNameRange     '1.2.8000',
116 silly addNameRange     '1.4.17',
116 silly addNameRange     '1.4.18',
116 silly addNameRange     '1.4.19',
116 silly addNameRange     '1.5.0-alpha-0',
116 silly addNameRange     '1.5.0-alpha-1',
116 silly addNameRange     '1.4.20',
116 silly addNameRange     '1.5.0-alpha-2',
116 silly addNameRange     '1.4.21',
116 silly addNameRange     '1.5.0-alpha-3',
116 silly addNameRange     '1.5.0-alpha-4',
116 silly addNameRange     '2.0.0-alpha-5',
116 silly addNameRange     '1.4.22',
116 silly addNameRange     '1.4.23',
116 silly addNameRange     '2.0.0-alpha.6.0',
116 silly addNameRange     '1.4.24',
116 silly addNameRange     '2.0.0-alpha.6',
116 silly addNameRange     '2.0.0-alpha.7',
116 silly addNameRange     '2.0.0-beta.0',
116 silly addNameRange     '1.4.25',
116 silly addNameRange     '2.0.0-beta.1',
116 silly addNameRange     '1.4.26',
116 silly addNameRange     '2.0.0-beta.2',
116 silly addNameRange     '1.4.27',
116 silly addNameRange     '2.0.0-beta.3',
116 silly addNameRange     '1.4.28',
116 silly addNameRange     '2.0.0',
116 silly addNameRange     '2.0.1',
116 silly addNameRange     '2.0.2',
116 silly addNameRange     '2.1.0',
116 silly addNameRange     '2.1.1',
116 silly addNameRange     '2.1.2',
116 silly addNameRange     '2.1.3',
116 silly addNameRange     '2.1.4',
116 silly addNameRange     '2.1.5',
116 silly addNameRange     '2.1.6',
116 silly addNameRange     '2.1.7',
116 silly addNameRange     '2.1.8',
116 silly addNameRange     '2.1.9',
116 silly addNameRange     '2.1.10',
116 silly addNameRange     '2.1.11',
116 silly addNameRange     '2.1.12',
116 silly addNameRange     '2.1.13',
116 silly addNameRange     '2.1.14',
116 silly addNameRange     '2.1.15',
116 silly addNameRange     '2.1.16',
116 silly addNameRange     '2.1.17',
116 silly addNameRange     '2.1.18',
116 silly addNameRange     '2.2.0',
116 silly addNameRange     '2.3.0',
116 silly addNameRange     '2.4.0',
116 silly addNameRange     '2.4.1',
116 silly addNameRange     '2.5.0',
116 silly addNameRange     '2.5.1',
116 silly addNameRange     '2.6.0',
116 silly addNameRange     '2.6.1',
116 silly addNameRange     '2.7.0',
116 silly addNameRange     '2.7.1',
116 silly addNameRange     '2.7.2',
116 silly addNameRange     '2.7.3',
116 silly addNameRange     '2.7.4',
116 silly addNameRange     '2.7.5',
116 silly addNameRange     '2.7.6',
116 silly addNameRange     '2.8.0',
116 silly addNameRange     '2.8.1',
116 silly addNameRange     '2.8.2',
116 silly addNameRange     '2.8.3',
116 silly addNameRange     '2.8.4',
116 silly addNameRange     '2.9.0',
116 silly addNameRange     '2.9.1',
116 silly addNameRange     '2.10.0',
116 silly addNameRange     '2.10.1',
116 silly addNameRange     '2.11.0',
116 silly addNameRange     '2.11.1',
116 silly addNameRange     '2.11.2',
116 silly addNameRange     '2.11.3',
116 silly addNameRange     '2.12.0',
116 silly addNameRange     '3.0.0',
116 silly addNameRange     '2.12.1',
116 silly addNameRange     '2.13.0',
116 silly addNameRange     '3.1.0',
116 silly addNameRange     '2.13.1',
116 silly addNameRange     '3.1.1',
116 silly addNameRange     '3.1.2',
116 silly addNameRange     '2.13.2',
116 silly addNameRange     '3.1.3',
116 silly addNameRange     '2.13.3',
116 silly addNameRange     '3.2.0',
116 silly addNameRange     '2.13.4',
116 silly addNameRange     '3.2.1',
116 silly addNameRange     '2.13.5',
116 silly addNameRange     '3.2.2',
116 silly addNameRange     '2.14.0',
116 silly addNameRange     '3.3.0',
116 silly addNameRange     '2.14.1',
116 silly addNameRange     '2.14.2',
116 silly addNameRange     '3.3.1',
116 silly addNameRange     '2.14.3',
116 silly addNameRange     '3.3.2',
116 silly addNameRange     '2.14.4',
116 silly addNameRange     '3.3.3',
116 silly addNameRange     '2.14.5',
116 silly addNameRange     '3.3.4',
116 silly addNameRange     '2.14.6',
116 silly addNameRange     '3.3.5',
116 silly addNameRange     '3.3.6',
116 silly addNameRange     '2.14.7',
116 silly addNameRange     '2.14.8',
116 silly addNameRange     '3.3.7',
116 silly addNameRange     '3.3.8',
116 silly addNameRange     '3.3.9',
116 silly addNameRange     '3.3.10',
116 silly addNameRange     '2.14.9',
116 silly addNameRange     '3.3.11',
116 silly addNameRange     '1.4.29',
116 silly addNameRange     '3.3.12',
116 silly addNameRange     '2.14.10',
116 silly addNameRange     '3.4.0',
116 silly addNameRange     '3.4.1',
116 silly addNameRange     '2.14.11',
116 silly addNameRange     '2.14.12',
116 silly addNameRange     '3.5.0' ] ]
117 verbose addNamed [ 'npm', '3.4.1' ]
118 verbose addNamed [ '3.4.1', '3.4.1' ]
119 silly lockFile fc6f1645-npm-3-4-1 npm@3.4.1
120 verbose lock npm@3.4.1 /Users/Panchordenes/.npm/fc6f1645-npm-3-4-1.lock
121 silly lockFile ef617b9c-stry-npmjs-org-npm-npm-3-4-1-tgz https://registry.npmjs.org/npm/-/npm-3.4.1.tgz
122 verbose lock https://registry.npmjs.org/npm/-/npm-3.4.1.tgz /Users/Panchordenes/.npm/ef617b9c-stry-npmjs-org-npm-npm-3-4-1-tgz.lock
123 verbose addRemoteTarball [ 'https://registry.npmjs.org/npm/-/npm-3.4.1.tgz',
123 verbose addRemoteTarball   '98b2665a31c0fa15302c689a7df8bbaea3f4e572' ]
124 info retry fetch attempt 1 at 17:06:30
125 verbose fetch to= /var/folders/9b/w9d4gjzx1qj35_9y7mhsr3280000gn/T/npm-17881-8CbbeoFG/registry.npmjs.org/npm/-/npm-3.4.1.tgz
126 http GET https://registry.npmjs.org/npm/-/npm-3.4.1.tgz
127 http 200 https://registry.npmjs.org/npm/-/npm-3.4.1.tgz
128 silly lockFile ef617b9c-stry-npmjs-org-npm-npm-3-4-1-tgz https://registry.npmjs.org/npm/-/npm-3.4.1.tgz
129 silly lockFile ef617b9c-stry-npmjs-org-npm-npm-3-4-1-tgz https://registry.npmjs.org/npm/-/npm-3.4.1.tgz
130 silly lockFile fc6f1645-npm-3-4-1 npm@3.4.1
131 silly lockFile fc6f1645-npm-3-4-1 npm@3.4.1
132 silly lockFile 2f990b75-npm npm@
133 silly lockFile 2f990b75-npm npm@
134 error Error: EACCES, mkdir '/Users/Panchordenes/.npm/npm/3.4.1'
134 error  { [Error: EACCES, mkdir '/Users/Panchordenes/.npm/npm/3.4.1']
134 error   errno: 3,
134 error   code: 'EACCES',
134 error   path: '/Users/Panchordenes/.npm/npm/3.4.1' }
135 error Please try running this command again as root/Administrator.
136 error System Darwin 14.0.0
137 error command "node" "/usr/local/bin/npm" "install" "-g" "bower" "npm" "install" "-g" "bower"
138 error cwd /Applications/XAMPP/xamppfiles/htdocs/raspi-meat-server
139 error node -v v0.10.36
140 error npm -v 1.4.28
141 error path /Users/Panchordenes/.npm/npm/3.4.1
142 error code EACCES
143 error errno 3
144 error stack Error: EACCES, mkdir '/Users/Panchordenes/.npm/npm/3.4.1'
145 verbose exit [ 3, true ]
